start clint_3086.csv
output10.txt result already exist!
output10.txt result already exist!
output11.txt result already exist!
output11.txt result already exist!
output12.txt result already exist!
output12.txt result already exist!
output13.txt result already exist!
output13.txt result already exist!
output14.txt result already exist!
output14.txt result already exist!
output15.txt result already exist!
output15.txt result already exist!
start output16.txt to download pkcsm absorption ..
https://biosig.lab.uq.edu.au/pkcsm/prediction/absorption_1691133440.0
curl --location https://biosig.lab.uq.edu.au/pkcsm/prediction/absorption_1691133440.0  | grep -o "pkcsm/get_results/[0-9_a-z./]*.csv"
开始第1次重试
开始第2次重试
开始第3次重试
开始第4次重试
开始第5次重试
开始第6次重试
output16.txt result already exist!
start output17.txt to download pkcsm absorption ..
https://biosig.lab.uq.edu.au/pkcsm/prediction/absorption_1691133571.79
curl --location https://biosig.lab.uq.edu.au/pkcsm/prediction/absorption_1691133571.79  | grep -o "pkcsm/get_results/[0-9_a-z./]*.csv"
开始第1次重试
开始第2次重试
开始第3次重试
开始第4次重试
开始第5次重试
开始第6次重试
start output17.txt to download pkcsm distribution ..
https://biosig.lab.uq.edu.au/pkcsm/prediction/distribution_1691133691.39
curl --location https://biosig.lab.uq.edu.au/pkcsm/prediction/distribution_1691133691.39  | grep -o "pkcsm/get_results/[0-9_a-z./]*.csv"
开始第1次重试
开始第2次重试
开始第3次重试
开始第4次重试
开始第5次重试
开始第6次重试
start output18.txt to download pkcsm absorption ..
https://biosig.lab.uq.edu.au/pkcsm/prediction/absorption_1691133807.3
curl --location https://biosig.lab.uq.edu.au/pkcsm/prediction/absorption_1691133807.3  | grep -o "pkcsm/get_results/[0-9_a-z./]*.csv"
开始第1次重试
开始第2次重试
开始第3次重试
开始第4次重试
开始第5次重试
开始第6次重试
开始第7次重试
start output18.txt to download pkcsm distribution ..
https://biosig.lab.uq.edu.au/pkcsm/prediction/distribution_1691133947.19
curl --location https://biosig.lab.uq.edu.au/pkcsm/prediction/distribution_1691133947.19  | grep -o "pkcsm/get_results/[0-9_a-z./]*.csv"
开始第1次重试
开始第2次重试
开始第3次重试
开始第4次重试
开始第5次重试
开始第6次重试
start output19.txt to download pkcsm absorption ..
https://biosig.lab.uq.edu.au/pkcsm/prediction/absorption_1691134064.54
curl --location https://biosig.lab.uq.edu.au/pkcsm/prediction/absorption_1691134064.54  | grep -o "pkcsm/get_results/[0-9_a-z./]*.csv"
开始第1次重试
开始第2次重试
开始第3次重试
开始第4次重试
开始第5次重试
开始第6次重试
start output19.txt to download pkcsm distribution ..
https://biosig.lab.uq.edu.au/pkcsm/prediction/distribution_1691134181.11
curl --location https://biosig.lab.uq.edu.au/pkcsm/prediction/distribution_1691134181.11  | grep -o "pkcsm/get_results/[0-9_a-z./]*.csv"
开始第1次重试
开始第2次重试
开始第3次重试
开始第4次重试
开始第5次重试
开始第6次重试
start output1.txt to download pkcsm absorption ..
https://biosig.lab.uq.edu.au/pkcsm/prediction/absorption_1691134297.25
curl --location https://biosig.lab.uq.edu.au/pkcsm/prediction/absorption_1691134297.25  | grep -o "pkcsm/get_results/[0-9_a-z./]*.csv"
开始第1次重试
开始第2次重试
开始第3次重试
开始第4次重试
开始第5次重试
开始第6次重试
start output1.txt to download pkcsm distribution ..
https://biosig.lab.uq.edu.au/pkcsm/prediction/distribution_1691134414.0
curl --location https://biosig.lab.uq.edu.au/pkcsm/prediction/distribution_1691134414.0  | grep -o "pkcsm/get_results/[0-9_a-z./]*.csv"
开始第1次重试
开始第2次重试
开始第3次重试
开始第4次重试
开始第5次重试
开始第6次重试
start output20.txt to download pkcsm absorption ..
https://biosig.lab.uq.edu.au/pkcsm/prediction/absorption_1691134532.27
curl --location https://biosig.lab.uq.edu.au/pkcsm/prediction/absorption_1691134532.27  | grep -o "pkcsm/get_results/[0-9_a-z./]*.csv"
开始第1次重试
开始第2次重试
开始第3次重试
开始第4次重试
开始第5次重试
开始第6次重试
开始第7次重试
start output20.txt to download pkcsm distribution ..
https://biosig.lab.uq.edu.au/pkcsm/prediction/distribution_1691134670.39
curl --location https://biosig.lab.uq.edu.au/pkcsm/prediction/distribution_1691134670.39  | grep -o "pkcsm/get_results/[0-9_a-z./]*.csv"
开始第1次重试
开始第2次重试
开始第3次重试
开始第4次重试
开始第5次重试
开始第6次重试
start output21.txt to download pkcsm absorption ..
https://biosig.lab.uq.edu.au/pkcsm/prediction/absorption_1691134787.39
curl --location https://biosig.lab.uq.edu.au/pkcsm/prediction/absorption_1691134787.39  | grep -o "pkcsm/get_results/[0-9_a-z./]*.csv"
开始第1次重试
开始第2次重试
开始第3次重试
开始第4次重试
开始第5次重试
开始第6次重试
start output21.txt to download pkcsm distribution ..
https://biosig.lab.uq.edu.au/pkcsm/prediction/distribution_1691134903.46
curl --location https://biosig.lab.uq.edu.au/pkcsm/prediction/distribution_1691134903.46  | grep -o "pkcsm/get_results/[0-9_a-z./]*.csv"
开始第1次重试
开始第2次重试
开始第3次重试
开始第4次重试
开始第5次重试
开始第6次重试
start output22.txt to download pkcsm absorption ..
https://biosig.lab.uq.edu.au/pkcsm/prediction/absorption_1691135020.14
curl --location https://biosig.lab.uq.edu.au/pkcsm/prediction/absorption_1691135020.14  | grep -o "pkcsm/get_results/[0-9_a-z./]*.csv"
开始第1次重试
开始第2次重试
开始第3次重试
开始第4次重试
开始第5次重试
开始第6次重试
start output22.txt to download pkcsm distribution ..
https://biosig.lab.uq.edu.au/pkcsm/prediction/distribution_1691135140.94
curl --location https://biosig.lab.uq.edu.au/pkcsm/prediction/distribution_1691135140.94  | grep -o "pkcsm/get_results/[0-9_a-z./]*.csv"
开始第1次重试
开始第2次重试
开始第3次重试
开始第4次重试
开始第5次重试
开始第6次重试
start output23.txt to download pkcsm absorption ..
https://biosig.lab.uq.edu.au/pkcsm/prediction/absorption_1691135262.44
curl --location https://biosig.lab.uq.edu.au/pkcsm/prediction/absorption_1691135262.44  | grep -o "pkcsm/get_results/[0-9_a-z./]*.csv"
开始第1次重试
开始第2次重试
开始第3次重试
开始第4次重试
开始第5次重试
开始第6次重试
start output23.txt to download pkcsm distribution ..
https://biosig.lab.uq.edu.au/pkcsm/prediction/distribution_1691135380.2
curl --location https://biosig.lab.uq.edu.au/pkcsm/prediction/distribution_1691135380.2  | grep -o "pkcsm/get_results/[0-9_a-z./]*.csv"
开始第1次重试
开始第2次重试
开始第3次重试
开始第4次重试
开始第5次重试
开始第6次重试
start output24.txt to download pkcsm absorption ..
https://biosig.lab.uq.edu.au/pkcsm/prediction/absorption_1691135496.02
curl --location https://biosig.lab.uq.edu.au/pkcsm/prediction/absorption_1691135496.02  | grep -o "pkcsm/get_results/[0-9_a-z./]*.csv"
开始第1次重试
开始第2次重试
开始第3次重试
开始第4次重试
开始第5次重试
开始第6次重试
start output24.txt to download pkcsm distribution ..
https://biosig.lab.uq.edu.au/pkcsm/prediction/distribution_1691135620.73
curl --location https://biosig.lab.uq.edu.au/pkcsm/prediction/distribution_1691135620.73  | grep -o "pkcsm/get_results/[0-9_a-z./]*.csv"
开始第1次重试
开始第2次重试
开始第3次重试
开始第4次重试
开始第5次重试
开始第6次重试
start output25.txt to download pkcsm absorption ..
https://biosig.lab.uq.edu.au/pkcsm/prediction/absorption_1691135738.77
curl --location https://biosig.lab.uq.edu.au/pkcsm/prediction/absorption_1691135738.77  | grep -o "pkcsm/get_results/[0-9_a-z./]*.csv"
开始第1次重试
开始第2次重试
开始第3次重试
开始第4次重试
开始第5次重试
开始第6次重试
start output25.txt to download pkcsm distribution ..
https://biosig.lab.uq.edu.au/pkcsm/prediction/distribution_1691135855.4
curl --location https://biosig.lab.uq.edu.au/pkcsm/prediction/distribution_1691135855.4  | grep -o "pkcsm/get_results/[0-9_a-z./]*.csv"
开始第1次重试
开始第2次重试
开始第3次重试
开始第4次重试
开始第5次重试
开始第6次重试
start output26.txt to download pkcsm absorption ..
https://biosig.lab.uq.edu.au/pkcsm/prediction/absorption_1691135971.33
curl --location https://biosig.lab.uq.edu.au/pkcsm/prediction/absorption_1691135971.33  | grep -o "pkcsm/get_results/[0-9_a-z./]*.csv"
开始第1次重试
开始第2次重试
开始第3次重试
开始第4次重试
开始第5次重试
开始第6次重试
start output26.txt to download pkcsm distribution ..
https://biosig.lab.uq.edu.au/pkcsm/prediction/distribution_1691136087.48
curl --location https://biosig.lab.uq.edu.au/pkcsm/prediction/distribution_1691136087.48  | grep -o "pkcsm/get_results/[0-9_a-z./]*.csv"
开始第1次重试
开始第2次重试
开始第3次重试
开始第4次重试
开始第5次重试
开始第6次重试
start output27.txt to download pkcsm absorption ..
https://biosig.lab.uq.edu.au/pkcsm/prediction/absorption_1691136203.61
curl --location https://biosig.lab.uq.edu.au/pkcsm/prediction/absorption_1691136203.61  | grep -o "pkcsm/get_results/[0-9_a-z./]*.csv"
开始第1次重试
开始第2次重试
开始第3次重试
开始第4次重试
开始第5次重试
开始第6次重试
start output27.txt to download pkcsm distribution ..
https://biosig.lab.uq.edu.au/pkcsm/prediction/distribution_1691136321.01
curl --location https://biosig.lab.uq.edu.au/pkcsm/prediction/distribution_1691136321.01  | grep -o "pkcsm/get_results/[0-9_a-z./]*.csv"
开始第1次重试
开始第2次重试
开始第3次重试
开始第4次重试
开始第5次重试
开始第6次重试
start output28.txt to download pkcsm absorption ..
https://biosig.lab.uq.edu.au/pkcsm/prediction/absorption_1691136437.33
curl --location https://biosig.lab.uq.edu.au/pkcsm/prediction/absorption_1691136437.33  | grep -o "pkcsm/get_results/[0-9_a-z./]*.csv"
开始第1次重试
开始第2次重试
开始第3次重试
开始第4次重试
开始第5次重试
开始第6次重试
start output28.txt to download pkcsm distribution ..
https://biosig.lab.uq.edu.au/pkcsm/prediction/distribution_1691136553.96
curl --location https://biosig.lab.uq.edu.au/pkcsm/prediction/distribution_1691136553.96  | grep -o "pkcsm/get_results/[0-9_a-z./]*.csv"
开始第1次重试
开始第2次重试
开始第3次重试
开始第4次重试
开始第5次重试
开始第6次重试
start output29.txt to download pkcsm absorption ..
https://biosig.lab.uq.edu.au/pkcsm/prediction/absorption_1691136673.52
curl --location https://biosig.lab.uq.edu.au/pkcsm/prediction/absorption_1691136673.52  | grep -o "pkcsm/get_results/[0-9_a-z./]*.csv"
开始第1次重试
开始第2次重试
开始第3次重试
开始第4次重试
开始第5次重试
开始第6次重试
start output29.txt to download pkcsm distribution ..
https://biosig.lab.uq.edu.au/pkcsm/prediction/distribution_1691136792.88
curl --location https://biosig.lab.uq.edu.au/pkcsm/prediction/distribution_1691136792.88  | grep -o "pkcsm/get_results/[0-9_a-z./]*.csv"
开始第1次重试
开始第2次重试
开始第3次重试
开始第4次重试
开始第5次重试
开始第6次重试
start output2.txt to download pkcsm absorption ..
https://biosig.lab.uq.edu.au/pkcsm/prediction/absorption_1691136910.13
curl --location https://biosig.lab.uq.edu.au/pkcsm/prediction/absorption_1691136910.13  | grep -o "pkcsm/get_results/[0-9_a-z./]*.csv"
开始第1次重试
开始第2次重试
开始第3次重试
开始第4次重试
开始第5次重试
开始第6次重试
start output2.txt to download pkcsm distribution ..
https://biosig.lab.uq.edu.au/pkcsm/prediction/distribution_1691137026.51
curl --location https://biosig.lab.uq.edu.au/pkcsm/prediction/distribution_1691137026.51  | grep -o "pkcsm/get_results/[0-9_a-z./]*.csv"
开始第1次重试
开始第2次重试
开始第3次重试
开始第4次重试
开始第5次重试
开始第6次重试
start output30.txt to download pkcsm absorption ..
https://biosig.lab.uq.edu.au/pkcsm/prediction/absorption_1691137144.01
curl --location https://biosig.lab.uq.edu.au/pkcsm/prediction/absorption_1691137144.01  | grep -o "pkcsm/get_results/[0-9_a-z./]*.csv"
开始第1次重试
开始第2次重试
开始第3次重试
开始第4次重试
开始第5次重试
开始第6次重试
start output30.txt to download pkcsm distribution ..
https://biosig.lab.uq.edu.au/pkcsm/prediction/distribution_1691137260.12
curl --location https://biosig.lab.uq.edu.au/pkcsm/prediction/distribution_1691137260.12  | grep -o "pkcsm/get_results/[0-9_a-z./]*.csv"
开始第1次重试
开始第2次重试
开始第3次重试
开始第4次重试
开始第5次重试
开始第6次重试
start output31.txt to download pkcsm absorption ..
https://biosig.lab.uq.edu.au/pkcsm/prediction/absorption_1691137376.15
curl --location https://biosig.lab.uq.edu.au/pkcsm/prediction/absorption_1691137376.15  | grep -o "pkcsm/get_results/[0-9_a-z./]*.csv"
开始第1次重试
开始第2次重试
开始第3次重试
开始第4次重试
开始第5次重试
开始第6次重试
start output31.txt to download pkcsm distribution ..
https://biosig.lab.uq.edu.au/pkcsm/prediction/distribution_1691137493.08
curl --location https://biosig.lab.uq.edu.au/pkcsm/prediction/distribution_1691137493.08  | grep -o "pkcsm/get_results/[0-9_a-z./]*.csv"
开始第1次重试
开始第2次重试
开始第3次重试
开始第4次重试
开始第5次重试
start output3.txt to download pkcsm absorption ..
https://biosig.lab.uq.edu.au/pkcsm/prediction/absorption_1691137587.13
curl --location https://biosig.lab.uq.edu.au/pkcsm/prediction/absorption_1691137587.13  | grep -o "pkcsm/get_results/[0-9_a-z./]*.csv"
开始第1次重试
开始第2次重试
开始第3次重试
开始第4次重试
开始第5次重试
开始第6次重试
start output3.txt to download pkcsm distribution ..
https://biosig.lab.uq.edu.au/pkcsm/prediction/distribution_1691137703.35
curl --location https://biosig.lab.uq.edu.au/pkcsm/prediction/distribution_1691137703.35  | grep -o "pkcsm/get_results/[0-9_a-z./]*.csv"
开始第1次重试
开始第2次重试
开始第3次重试
开始第4次重试
开始第5次重试
开始第6次重试
start output4.txt to download pkcsm absorption ..
https://biosig.lab.uq.edu.au/pkcsm/prediction/absorption_1691137820.45
curl --location https://biosig.lab.uq.edu.au/pkcsm/prediction/absorption_1691137820.45  | grep -o "pkcsm/get_results/[0-9_a-z./]*.csv"
开始第1次重试
开始第2次重试
开始第3次重试
开始第4次重试
开始第5次重试
开始第6次重试
start output4.txt to download pkcsm distribution ..
https://biosig.lab.uq.edu.au/pkcsm/prediction/distribution_1691137938.18
curl --location https://biosig.lab.uq.edu.au/pkcsm/prediction/distribution_1691137938.18  | grep -o "pkcsm/get_results/[0-9_a-z./]*.csv"
开始第1次重试
开始第2次重试
开始第3次重试
开始第4次重试
开始第5次重试
开始第6次重试
start output5.txt to download pkcsm absorption ..
https://biosig.lab.uq.edu.au/pkcsm/prediction/absorption_1691138056.55
curl --location https://biosig.lab.uq.edu.au/pkcsm/prediction/absorption_1691138056.55  | grep -o "pkcsm/get_results/[0-9_a-z./]*.csv"
开始第1次重试
开始第2次重试
开始第3次重试
开始第4次重试
开始第5次重试
开始第6次重试
start output5.txt to download pkcsm distribution ..
https://biosig.lab.uq.edu.au/pkcsm/prediction/distribution_1691138172.8
curl --location https://biosig.lab.uq.edu.au/pkcsm/prediction/distribution_1691138172.8  | grep -o "pkcsm/get_results/[0-9_a-z./]*.csv"
开始第1次重试
开始第2次重试
开始第3次重试
开始第4次重试
开始第5次重试
开始第6次重试
start output6.txt to download pkcsm absorption ..
https://biosig.lab.uq.edu.au/pkcsm/prediction/absorption_1691138293.31
curl --location https://biosig.lab.uq.edu.au/pkcsm/prediction/absorption_1691138293.31  | grep -o "pkcsm/get_results/[0-9_a-z./]*.csv"
开始第1次重试
开始第2次重试
开始第3次重试
开始第4次重试
开始第5次重试
开始第6次重试
start output6.txt to download pkcsm distribution ..
https://biosig.lab.uq.edu.au/pkcsm/prediction/distribution_1691138414.21
curl --location https://biosig.lab.uq.edu.au/pkcsm/prediction/distribution_1691138414.21  | grep -o "pkcsm/get_results/[0-9_a-z./]*.csv"
开始第1次重试
开始第2次重试
开始第3次重试
开始第4次重试
开始第5次重试
开始第6次重试
start output7.txt to download pkcsm absorption ..
https://biosig.lab.uq.edu.au/pkcsm/prediction/absorption_1691138537.56
curl --location https://biosig.lab.uq.edu.au/pkcsm/prediction/absorption_1691138537.56  | grep -o "pkcsm/get_results/[0-9_a-z./]*.csv"
开始第1次重试
开始第2次重试
开始第3次重试
开始第4次重试
开始第5次重试
开始第6次重试
start output7.txt to download pkcsm distribution ..
https://biosig.lab.uq.edu.au/pkcsm/prediction/distribution_1691138658.82
curl --location https://biosig.lab.uq.edu.au/pkcsm/prediction/distribution_1691138658.82  | grep -o "pkcsm/get_results/[0-9_a-z./]*.csv"
开始第1次重试
开始第2次重试
开始第3次重试
开始第4次重试
开始第5次重试
开始第6次重试
start output8.txt to download pkcsm absorption ..
https://biosig.lab.uq.edu.au/pkcsm/prediction/absorption_1691138778.6
curl --location https://biosig.lab.uq.edu.au/pkcsm/prediction/absorption_1691138778.6  | grep -o "pkcsm/get_results/[0-9_a-z./]*.csv"
开始第1次重试
开始第2次重试
开始第3次重试
开始第4次重试
开始第5次重试
开始第6次重试
start output8.txt to download pkcsm distribution ..
https://biosig.lab.uq.edu.au/pkcsm/prediction/distribution_1691138900.94
curl --location https://biosig.lab.uq.edu.au/pkcsm/prediction/distribution_1691138900.94  | grep -o "pkcsm/get_results/[0-9_a-z./]*.csv"
开始第1次重试
开始第2次重试
开始第3次重试
开始第4次重试
开始第5次重试
开始第6次重试
开始第7次重试
开始第8次重试
开始第9次重试
start output9.txt to download pkcsm absorption ..
https://biosig.lab.uq.edu.au/pkcsm/prediction/absorption_1691139092.4
curl --location https://biosig.lab.uq.edu.au/pkcsm/prediction/absorption_1691139092.4  | grep -o "pkcsm/get_results/[0-9_a-z./]*.csv"
开始第1次重试
开始第2次重试
开始第3次重试
开始第4次重试
开始第5次重试
开始第6次重试
start output9.txt to download pkcsm distribution ..
https://biosig.lab.uq.edu.au/pkcsm/prediction/distribution_1691139209.93
curl --location https://biosig.lab.uq.edu.au/pkcsm/prediction/distribution_1691139209.93  | grep -o "pkcsm/get_results/[0-9_a-z./]*.csv"
开始第1次重试
开始第2次重试
开始第3次重试
开始第4次重试
开始第5次重试
开始第6次重试
start fu_1794.csv
start output10.txt to download pkcsm absorption ..
https://biosig.lab.uq.edu.au/pkcsm/prediction/absorption_1691139330.14
curl --location https://biosig.lab.uq.edu.au/pkcsm/prediction/absorption_1691139330.14  | grep -o "pkcsm/get_results/[0-9_a-z./]*.csv"
开始第1次重试
开始第2次重试
开始第3次重试
开始第4次重试
开始第5次重试
开始第6次重试
开始第7次重试
start output10.txt to download pkcsm distribution ..
https://biosig.lab.uq.edu.au/pkcsm/prediction/distribution_1691139472.86
curl --location https://biosig.lab.uq.edu.au/pkcsm/prediction/distribution_1691139472.86  | grep -o "pkcsm/get_results/[0-9_a-z./]*.csv"
开始第1次重试
开始第2次重试
开始第3次重试
开始第4次重试
开始第5次重试
开始第6次重试
start output11.txt to download pkcsm absorption ..
https://biosig.lab.uq.edu.au/pkcsm/prediction/absorption_1691139590.12
curl --location https://biosig.lab.uq.edu.au/pkcsm/prediction/absorption_1691139590.12  | grep -o "pkcsm/get_results/[0-9_a-z./]*.csv"
开始第1次重试
开始第2次重试
开始第3次重试
开始第4次重试
开始第5次重试
开始第6次重试
开始第7次重试
start output11.txt to download pkcsm distribution ..
https://biosig.lab.uq.edu.au/pkcsm/prediction/distribution_1691139729.29
curl --location https://biosig.lab.uq.edu.au/pkcsm/prediction/distribution_1691139729.29  | grep -o "pkcsm/get_results/[0-9_a-z./]*.csv"
开始第1次重试
开始第2次重试
开始第3次重试
开始第4次重试
开始第5次重试
开始第6次重试
start output12.txt to download pkcsm absorption ..
https://biosig.lab.uq.edu.au/pkcsm/prediction/absorption_1691139844.71
curl --location https://biosig.lab.uq.edu.au/pkcsm/prediction/absorption_1691139844.71  | grep -o "pkcsm/get_results/[0-9_a-z./]*.csv"
开始第1次重试
开始第2次重试
开始第3次重试
开始第4次重试
开始第5次重试
开始第6次重试
开始第7次重试
start output12.txt to download pkcsm distribution ..
https://biosig.lab.uq.edu.au/pkcsm/prediction/distribution_1691139983.39
curl --location https://biosig.lab.uq.edu.au/pkcsm/prediction/distribution_1691139983.39  | grep -o "pkcsm/get_results/[0-9_a-z./]*.csv"
开始第1次重试
开始第2次重试
开始第3次重试
开始第4次重试
开始第5次重试
开始第6次重试
start output13.txt to download pkcsm absorption ..
https://biosig.lab.uq.edu.au/pkcsm/prediction/absorption_1691140099.28
curl --location https://biosig.lab.uq.edu.au/pkcsm/prediction/absorption_1691140099.28  | grep -o "pkcsm/get_results/[0-9_a-z./]*.csv"
开始第1次重试
开始第2次重试
开始第3次重试
开始第4次重试
开始第5次重试
开始第6次重试
开始第7次重试
start output13.txt to download pkcsm distribution ..
https://biosig.lab.uq.edu.au/pkcsm/prediction/distribution_1691140238.24
curl --location https://biosig.lab.uq.edu.au/pkcsm/prediction/distribution_1691140238.24  | grep -o "pkcsm/get_results/[0-9_a-z./]*.csv"
开始第1次重试
开始第2次重试
开始第3次重试
开始第4次重试
开始第5次重试
开始第6次重试
start output14.txt to download pkcsm absorption ..
https://biosig.lab.uq.edu.au/pkcsm/prediction/absorption_1691140354.75
curl --location https://biosig.lab.uq.edu.au/pkcsm/prediction/absorption_1691140354.75  | grep -o "pkcsm/get_results/[0-9_a-z./]*.csv"
开始第1次重试
开始第2次重试
开始第3次重试
开始第4次重试
开始第5次重试
开始第6次重试
开始第7次重试
start output14.txt to download pkcsm distribution ..
https://biosig.lab.uq.edu.au/pkcsm/prediction/distribution_1691140493.63
curl --location https://biosig.lab.uq.edu.au/pkcsm/prediction/distribution_1691140493.63  | grep -o "pkcsm/get_results/[0-9_a-z./]*.csv"
开始第1次重试
开始第2次重试
开始第3次重试
开始第4次重试
开始第5次重试
开始第6次重试
start output15.txt to download pkcsm absorption ..
https://biosig.lab.uq.edu.au/pkcsm/prediction/absorption_1691140609.91
curl --location https://biosig.lab.uq.edu.au/pkcsm/prediction/absorption_1691140609.91  | grep -o "pkcsm/get_results/[0-9_a-z./]*.csv"
开始第1次重试
开始第2次重试
开始第3次重试
开始第4次重试
开始第5次重试
开始第6次重试
开始第7次重试
start output15.txt to download pkcsm distribution ..
https://biosig.lab.uq.edu.au/pkcsm/prediction/distribution_1691140749.03
curl --location https://biosig.lab.uq.edu.au/pkcsm/prediction/distribution_1691140749.03  | grep -o "pkcsm/get_results/[0-9_a-z./]*.csv"
开始第1次重试
开始第2次重试
开始第3次重试
开始第4次重试
开始第5次重试
开始第6次重试
start output16.txt to download pkcsm absorption ..
https://biosig.lab.uq.edu.au/pkcsm/prediction/absorption_1691140864.65
curl --location https://biosig.lab.uq.edu.au/pkcsm/prediction/absorption_1691140864.65  | grep -o "pkcsm/get_results/[0-9_a-z./]*.csv"
开始第1次重试
开始第2次重试
开始第3次重试
开始第4次重试
开始第5次重试
开始第6次重试
开始第7次重试
start output16.txt to download pkcsm distribution ..
https://biosig.lab.uq.edu.au/pkcsm/prediction/distribution_1691141002.9
curl --location https://biosig.lab.uq.edu.au/pkcsm/prediction/distribution_1691141002.9  | grep -o "pkcsm/get_results/[0-9_a-z./]*.csv"
开始第1次重试
开始第2次重试
开始第3次重试
开始第4次重试
开始第5次重试
开始第6次重试
start output17.txt to download pkcsm absorption ..
https://biosig.lab.uq.edu.au/pkcsm/prediction/absorption_1691141118.73
curl --location https://biosig.lab.uq.edu.au/pkcsm/prediction/absorption_1691141118.73  | grep -o "pkcsm/get_results/[0-9_a-z./]*.csv"
开始第1次重试
开始第2次重试
开始第3次重试
开始第4次重试
开始第5次重试
开始第6次重试
开始第7次重试
start output17.txt to download pkcsm distribution ..
https://biosig.lab.uq.edu.au/pkcsm/prediction/distribution_1691141260.74
curl --location https://biosig.lab.uq.edu.au/pkcsm/prediction/distribution_1691141260.74  | grep -o "pkcsm/get_results/[0-9_a-z./]*.csv"
开始第1次重试
开始第2次重试
开始第3次重试
开始第4次重试
开始第5次重试
开始第6次重试
start output18.txt to download pkcsm absorption ..
https://biosig.lab.uq.edu.au/pkcsm/prediction/absorption_1691141377.7
curl --location https://biosig.lab.uq.edu.au/pkcsm/prediction/absorption_1691141377.7  | grep -o "pkcsm/get_results/[0-9_a-z./]*.csv"
开始第1次重试
开始第2次重试
开始第3次重试
开始第4次重试
开始第5次重试
开始第6次重试
start output18.txt to download pkcsm distribution ..
https://biosig.lab.uq.edu.au/pkcsm/prediction/distribution_1691141493.38
curl --location https://biosig.lab.uq.edu.au/pkcsm/prediction/distribution_1691141493.38  | grep -o "pkcsm/get_results/[0-9_a-z./]*.csv"
开始第1次重试
开始第2次重试
开始第3次重试
开始第4次重试
开始第5次重试
开始第6次重试
start output1.txt to download pkcsm absorption ..
https://biosig.lab.uq.edu.au/pkcsm/prediction/absorption_1691141611.17
curl --location https://biosig.lab.uq.edu.au/pkcsm/prediction/absorption_1691141611.17  | grep -o "pkcsm/get_results/[0-9_a-z./]*.csv"
开始第1次重试
开始第2次重试
开始第3次重试
开始第4次重试
开始第5次重试
开始第6次重试
开始第7次重试
start output1.txt to download pkcsm distribution ..
https://biosig.lab.uq.edu.au/pkcsm/prediction/distribution_1691141750.15
curl --location https://biosig.lab.uq.edu.au/pkcsm/prediction/distribution_1691141750.15  | grep -o "pkcsm/get_results/[0-9_a-z./]*.csv"
开始第1次重试
开始第2次重试
开始第3次重试
开始第4次重试
开始第5次重试
开始第6次重试
start output2.txt to download pkcsm absorption ..
https://biosig.lab.uq.edu.au/pkcsm/prediction/absorption_1691141865.75
curl --location https://biosig.lab.uq.edu.au/pkcsm/prediction/absorption_1691141865.75  | grep -o "pkcsm/get_results/[0-9_a-z./]*.csv"
开始第1次重试
开始第2次重试
开始第3次重试
开始第4次重试
开始第5次重试
开始第6次重试
start output2.txt to download pkcsm distribution ..
https://biosig.lab.uq.edu.au/pkcsm/prediction/distribution_1691141985.48
curl --location https://biosig.lab.uq.edu.au/pkcsm/prediction/distribution_1691141985.48  | grep -o "pkcsm/get_results/[0-9_a-z./]*.csv"
开始第1次重试
开始第2次重试
开始第3次重试
开始第4次重试
开始第5次重试
开始第6次重试
start output3.txt to download pkcsm absorption ..
https://biosig.lab.uq.edu.au/pkcsm/prediction/absorption_1691142101.77
curl --location https://biosig.lab.uq.edu.au/pkcsm/prediction/absorption_1691142101.77  | grep -o "pkcsm/get_results/[0-9_a-z./]*.csv"
开始第1次重试
开始第2次重试
开始第3次重试
开始第4次重试
开始第5次重试
开始第6次重试
开始第7次重试
start output3.txt to download pkcsm distribution ..
https://biosig.lab.uq.edu.au/pkcsm/prediction/distribution_1691142241.44
curl --location https://biosig.lab.uq.edu.au/pkcsm/prediction/distribution_1691142241.44  | grep -o "pkcsm/get_results/[0-9_a-z./]*.csv"
开始第1次重试
开始第2次重试
开始第3次重试
开始第4次重试
开始第5次重试
开始第6次重试
start output4.txt to download pkcsm absorption ..
https://biosig.lab.uq.edu.au/pkcsm/prediction/absorption_1691142357.11
curl --location https://biosig.lab.uq.edu.au/pkcsm/prediction/absorption_1691142357.11  | grep -o "pkcsm/get_results/[0-9_a-z./]*.csv"
开始第1次重试
开始第2次重试
开始第3次重试
开始第4次重试
开始第5次重试
开始第6次重试
开始第7次重试
start output4.txt to download pkcsm distribution ..
https://biosig.lab.uq.edu.au/pkcsm/prediction/distribution_1691142495.63
curl --location https://biosig.lab.uq.edu.au/pkcsm/prediction/distribution_1691142495.63  | grep -o "pkcsm/get_results/[0-9_a-z./]*.csv"
开始第1次重试
开始第2次重试
开始第3次重试
开始第4次重试
开始第5次重试
开始第6次重试
start output5.txt to download pkcsm absorption ..
https://biosig.lab.uq.edu.au/pkcsm/prediction/absorption_1691142611.13
curl --location https://biosig.lab.uq.edu.au/pkcsm/prediction/absorption_1691142611.13  | grep -o "pkcsm/get_results/[0-9_a-z./]*.csv"
开始第1次重试
开始第2次重试
开始第3次重试
开始第4次重试
开始第5次重试
开始第6次重试
开始第7次重试
start output5.txt to download pkcsm distribution ..
https://biosig.lab.uq.edu.au/pkcsm/prediction/distribution_1691142751.8
curl --location https://biosig.lab.uq.edu.au/pkcsm/prediction/distribution_1691142751.8  | grep -o "pkcsm/get_results/[0-9_a-z./]*.csv"
开始第1次重试
开始第2次重试
开始第3次重试
开始第4次重试
开始第5次重试
开始第6次重试
start output6.txt to download pkcsm absorption ..
https://biosig.lab.uq.edu.au/pkcsm/prediction/absorption_1691142867.54
curl --location https://biosig.lab.uq.edu.au/pkcsm/prediction/absorption_1691142867.54  | grep -o "pkcsm/get_results/[0-9_a-z./]*.csv"
开始第1次重试
开始第2次重试
开始第3次重试
开始第4次重试
开始第5次重试
开始第6次重试
开始第7次重试
start output6.txt to download pkcsm distribution ..
https://biosig.lab.uq.edu.au/pkcsm/prediction/distribution_1691143007.01
curl --location https://biosig.lab.uq.edu.au/pkcsm/prediction/distribution_1691143007.01  | grep -o "pkcsm/get_results/[0-9_a-z./]*.csv"
开始第1次重试
开始第2次重试
开始第3次重试
开始第4次重试
开始第5次重试
开始第6次重试
start output7.txt to download pkcsm absorption ..
https://biosig.lab.uq.edu.au/pkcsm/prediction/absorption_1691143125.06
curl --location https://biosig.lab.uq.edu.au/pkcsm/prediction/absorption_1691143125.06  | grep -o "pkcsm/get_results/[0-9_a-z./]*.csv"
开始第1次重试
开始第2次重试
开始第3次重试
开始第4次重试
开始第5次重试
开始第6次重试
开始第7次重试
start output7.txt to download pkcsm distribution ..
https://biosig.lab.uq.edu.au/pkcsm/prediction/distribution_1691143263.13
curl --location https://biosig.lab.uq.edu.au/pkcsm/prediction/distribution_1691143263.13  | grep -o "pkcsm/get_results/[0-9_a-z./]*.csv"
开始第1次重试
开始第2次重试
开始第3次重试
开始第4次重试
开始第5次重试
开始第6次重试
start output8.txt to download pkcsm absorption ..
https://biosig.lab.uq.edu.au/pkcsm/prediction/absorption_1691143379.76
curl --location https://biosig.lab.uq.edu.au/pkcsm/prediction/absorption_1691143379.76  | grep -o "pkcsm/get_results/[0-9_a-z./]*.csv"
开始第1次重试
开始第2次重试
开始第3次重试
开始第4次重试
开始第5次重试
开始第6次重试
start output8.txt to download pkcsm distribution ..
https://biosig.lab.uq.edu.au/pkcsm/prediction/distribution_1691143503.97
curl --location https://biosig.lab.uq.edu.au/pkcsm/prediction/distribution_1691143503.97  | grep -o "pkcsm/get_results/[0-9_a-z./]*.csv"
开始第1次重试
开始第2次重试
开始第3次重试
开始第4次重试
开始第5次重试
开始第6次重试
start output9.txt to download pkcsm absorption ..
https://biosig.lab.uq.edu.au/pkcsm/prediction/absorption_1691143621.7
curl --location https://biosig.lab.uq.edu.au/pkcsm/prediction/absorption_1691143621.7  | grep -o "pkcsm/get_results/[0-9_a-z./]*.csv"
开始第1次重试
开始第2次重试
开始第3次重试
开始第4次重试
开始第5次重试
开始第6次重试
开始第7次重试
start output9.txt to download pkcsm distribution ..
https://biosig.lab.uq.edu.au/pkcsm/prediction/distribution_1691143761.68
curl --location https://biosig.lab.uq.edu.au/pkcsm/prediction/distribution_1691143761.68  | grep -o "pkcsm/get_results/[0-9_a-z./]*.csv"
开始第1次重试
开始第2次重试
开始第3次重试
开始第4次重试
开始第5次重试
开始第6次重试
start solubility_2172.csv
start output10.txt to download pkcsm absorption ..
https://biosig.lab.uq.edu.au/pkcsm/prediction/absorption_1691143877.56
curl --location https://biosig.lab.uq.edu.au/pkcsm/prediction/absorption_1691143877.56  | grep -o "pkcsm/get_results/[0-9_a-z./]*.csv"
开始第1次重试
开始第2次重试
开始第3次重试
开始第4次重试
开始第5次重试
开始第6次重试
start output10.txt to download pkcsm distribution ..
https://biosig.lab.uq.edu.au/pkcsm/prediction/distribution_1691143993.64
curl --location https://biosig.lab.uq.edu.au/pkcsm/prediction/distribution_1691143993.64  | grep -o "pkcsm/get_results/[0-9_a-z./]*.csv"
开始第1次重试
开始第2次重试
开始第3次重试
开始第4次重试
开始第5次重试
开始第6次重试
start output11.txt to download pkcsm absorption ..
https://biosig.lab.uq.edu.au/pkcsm/prediction/absorption_1691144109.44
curl --location https://biosig.lab.uq.edu.au/pkcsm/prediction/absorption_1691144109.44  | grep -o "pkcsm/get_results/[0-9_a-z./]*.csv"
开始第1次重试
开始第2次重试
开始第3次重试
开始第4次重试
开始第5次重试
开始第6次重试
start output11.txt to download pkcsm distribution ..
https://biosig.lab.uq.edu.au/pkcsm/prediction/distribution_1691144225.01
curl --location https://biosig.lab.uq.edu.au/pkcsm/prediction/distribution_1691144225.01  | grep -o "pkcsm/get_results/[0-9_a-z./]*.csv"
开始第1次重试
开始第2次重试
开始第3次重试
开始第4次重试
开始第5次重试
开始第6次重试
start output12.txt to download pkcsm absorption ..
https://biosig.lab.uq.edu.au/pkcsm/prediction/absorption_1691144342.07
curl --location https://biosig.lab.uq.edu.au/pkcsm/prediction/absorption_1691144342.07  | grep -o "pkcsm/get_results/[0-9_a-z./]*.csv"
开始第1次重试
开始第2次重试
开始第3次重试
开始第4次重试
开始第5次重试
开始第6次重试
start output12.txt to download pkcsm distribution ..
https://biosig.lab.uq.edu.au/pkcsm/prediction/distribution_1691144459.83
curl --location https://biosig.lab.uq.edu.au/pkcsm/prediction/distribution_1691144459.83  | grep -o "pkcsm/get_results/[0-9_a-z./]*.csv"
开始第1次重试
开始第2次重试
开始第3次重试
开始第4次重试
开始第5次重试
开始第6次重试
start output13.txt to download pkcsm absorption ..
https://biosig.lab.uq.edu.au/pkcsm/prediction/absorption_1691144575.27
curl --location https://biosig.lab.uq.edu.au/pkcsm/prediction/absorption_1691144575.27  | grep -o "pkcsm/get_results/[0-9_a-z./]*.csv"
开始第1次重试
开始第2次重试
开始第3次重试
开始第4次重试
开始第5次重试
开始第6次重试
开始第7次重试
start output13.txt to download pkcsm distribution ..
https://biosig.lab.uq.edu.au/pkcsm/prediction/distribution_1691144714.38
curl --location https://biosig.lab.uq.edu.au/pkcsm/prediction/distribution_1691144714.38  | grep -o "pkcsm/get_results/[0-9_a-z./]*.csv"
开始第1次重试
开始第2次重试
开始第3次重试
开始第4次重试
开始第5次重试
开始第6次重试
start output14.txt to download pkcsm absorption ..
https://biosig.lab.uq.edu.au/pkcsm/prediction/absorption_1691144832.63
curl --location https://biosig.lab.uq.edu.au/pkcsm/prediction/absorption_1691144832.63  | grep -o "pkcsm/get_results/[0-9_a-z./]*.csv"
开始第1次重试
开始第2次重试
开始第3次重试
开始第4次重试
开始第5次重试
开始第6次重试
start output14.txt to download pkcsm distribution ..
https://biosig.lab.uq.edu.au/pkcsm/prediction/distribution_1691144949.64
curl --location https://biosig.lab.uq.edu.au/pkcsm/prediction/distribution_1691144949.64  | grep -o "pkcsm/get_results/[0-9_a-z./]*.csv"
开始第1次重试
开始第2次重试
开始第3次重试
开始第4次重试
开始第5次重试
开始第6次重试
start output15.txt to download pkcsm absorption ..
https://biosig.lab.uq.edu.au/pkcsm/prediction/absorption_1691145066.74
curl --location https://biosig.lab.uq.edu.au/pkcsm/prediction/absorption_1691145066.74  | grep -o "pkcsm/get_results/[0-9_a-z./]*.csv"
开始第1次重试
开始第2次重试
开始第3次重试
开始第4次重试
开始第5次重试
开始第6次重试
start output15.txt to download pkcsm distribution ..
https://biosig.lab.uq.edu.au/pkcsm/prediction/distribution_1691145184.85
curl --location https://biosig.lab.uq.edu.au/pkcsm/prediction/distribution_1691145184.85  | grep -o "pkcsm/get_results/[0-9_a-z./]*.csv"
开始第1次重试
开始第2次重试
开始第3次重试
开始第4次重试
开始第5次重试
开始第6次重试
开始第7次重试
start output16.txt to download pkcsm absorption ..
https://biosig.lab.uq.edu.au/pkcsm/prediction/absorption_1691145326.53
curl --location https://biosig.lab.uq.edu.au/pkcsm/prediction/absorption_1691145326.53  | grep -o "pkcsm/get_results/[0-9_a-z./]*.csv"
开始第1次重试
开始第2次重试
开始第3次重试
开始第4次重试
开始第5次重试
开始第6次重试
开始第7次重试
start output16.txt to download pkcsm distribution ..
https://biosig.lab.uq.edu.au/pkcsm/prediction/distribution_1691145465.37
curl --location https://biosig.lab.uq.edu.au/pkcsm/prediction/distribution_1691145465.37  | grep -o "pkcsm/get_results/[0-9_a-z./]*.csv"
开始第1次重试
开始第2次重试
开始第3次重试
开始第4次重试
开始第5次重试
开始第6次重试
start output17.txt to download pkcsm absorption ..
https://biosig.lab.uq.edu.au/pkcsm/prediction/absorption_1691145582.37
curl --location https://biosig.lab.uq.edu.au/pkcsm/prediction/absorption_1691145582.37  | grep -o "pkcsm/get_results/[0-9_a-z./]*.csv"
开始第1次重试
开始第2次重试
开始第3次重试
开始第4次重试
开始第5次重试
开始第6次重试
start output17.txt to download pkcsm distribution ..
https://biosig.lab.uq.edu.au/pkcsm/prediction/distribution_1691145700.0
curl --location https://biosig.lab.uq.edu.au/pkcsm/prediction/distribution_1691145700.0  | grep -o "pkcsm/get_results/[0-9_a-z./]*.csv"
开始第1次重试
开始第2次重试
开始第3次重试
开始第4次重试
开始第5次重试
开始第6次重试
start output18.txt to download pkcsm absorption ..
https://biosig.lab.uq.edu.au/pkcsm/prediction/absorption_1691145816.56
curl --location https://biosig.lab.uq.edu.au/pkcsm/prediction/absorption_1691145816.56  | grep -o "pkcsm/get_results/[0-9_a-z./]*.csv"
开始第1次重试
开始第2次重试
开始第3次重试
开始第4次重试
开始第5次重试
开始第6次重试
开始第7次重试
start output18.txt to download pkcsm distribution ..
https://biosig.lab.uq.edu.au/pkcsm/prediction/distribution_1691145955.29
curl --location https://biosig.lab.uq.edu.au/pkcsm/prediction/distribution_1691145955.29  | grep -o "pkcsm/get_results/[0-9_a-z./]*.csv"
开始第1次重试
开始第2次重试
开始第3次重试
开始第4次重试
开始第5次重试
开始第6次重试
start output19.txt to download pkcsm absorption ..
https://biosig.lab.uq.edu.au/pkcsm/prediction/absorption_1691146070.83
curl --location https://biosig.lab.uq.edu.au/pkcsm/prediction/absorption_1691146070.83  | grep -o "pkcsm/get_results/[0-9_a-z./]*.csv"
开始第1次重试
开始第2次重试
开始第3次重试
开始第4次重试
开始第5次重试
开始第6次重试
开始第7次重试
start output19.txt to download pkcsm distribution ..
https://biosig.lab.uq.edu.au/pkcsm/prediction/distribution_1691146208.93
curl --location https://biosig.lab.uq.edu.au/pkcsm/prediction/distribution_1691146208.93  | grep -o "pkcsm/get_results/[0-9_a-z./]*.csv"
开始第1次重试
开始第2次重试
开始第3次重试
开始第4次重试
开始第5次重试
开始第6次重试
start output1.txt to download pkcsm absorption ..
https://biosig.lab.uq.edu.au/pkcsm/prediction/absorption_1691146324.75
curl --location https://biosig.lab.uq.edu.au/pkcsm/prediction/absorption_1691146324.75  | grep -o "pkcsm/get_results/[0-9_a-z./]*.csv"
开始第1次重试
开始第2次重试
开始第3次重试
开始第4次重试
开始第5次重试
开始第6次重试
start output1.txt to download pkcsm distribution ..
https://biosig.lab.uq.edu.au/pkcsm/prediction/distribution_1691146440.9
curl --location https://biosig.lab.uq.edu.au/pkcsm/prediction/distribution_1691146440.9  | grep -o "pkcsm/get_results/[0-9_a-z./]*.csv"
开始第1次重试
开始第2次重试
开始第3次重试
开始第4次重试
开始第5次重试
开始第6次重试
start output20.txt to download pkcsm absorption ..
https://biosig.lab.uq.edu.au/pkcsm/prediction/absorption_1691146558.86
curl --location https://biosig.lab.uq.edu.au/pkcsm/prediction/absorption_1691146558.86  | grep -o "pkcsm/get_results/[0-9_a-z./]*.csv"
开始第1次重试
开始第2次重试
开始第3次重试
开始第4次重试
开始第5次重试
开始第6次重试
开始第7次重试
start output20.txt to download pkcsm distribution ..
https://biosig.lab.uq.edu.au/pkcsm/prediction/distribution_1691146698.33
curl --location https://biosig.lab.uq.edu.au/pkcsm/prediction/distribution_1691146698.33  | grep -o "pkcsm/get_results/[0-9_a-z./]*.csv"
开始第1次重试
开始第2次重试
开始第3次重试
开始第4次重试
开始第5次重试
开始第6次重试
start output21.txt to download pkcsm absorption ..
https://biosig.lab.uq.edu.au/pkcsm/prediction/absorption_1691146814.0
curl --location https://biosig.lab.uq.edu.au/pkcsm/prediction/absorption_1691146814.0  | grep -o "pkcsm/get_results/[0-9_a-z./]*.csv"
开始第1次重试
开始第2次重试
开始第3次重试
开始第4次重试
开始第5次重试
开始第6次重试
开始第7次重试
start output21.txt to download pkcsm distribution ..
https://biosig.lab.uq.edu.au/pkcsm/prediction/distribution_1691146952.59
curl --location https://biosig.lab.uq.edu.au/pkcsm/prediction/distribution_1691146952.59  | grep -o "pkcsm/get_results/[0-9_a-z./]*.csv"
开始第1次重试
开始第2次重试
开始第3次重试
开始第4次重试
开始第5次重试
开始第6次重试
start output22.txt to download pkcsm absorption ..
https://biosig.lab.uq.edu.au/pkcsm/prediction/absorption_1691147068.35
curl --location https://biosig.lab.uq.edu.au/pkcsm/prediction/absorption_1691147068.35  | grep -o "pkcsm/get_results/[0-9_a-z./]*.csv"
开始第1次重试
开始第2次重试
开始第3次重试
开始第4次重试
开始第5次重试
start output22.txt to download pkcsm distribution ..
https://biosig.lab.uq.edu.au/pkcsm/prediction/distribution_1691147161.61
curl --location https://biosig.lab.uq.edu.au/pkcsm/prediction/distribution_1691147161.61  | grep -o "pkcsm/get_results/[0-9_a-z./]*.csv"
开始第1次重试
开始第2次重试
开始第3次重试
开始第4次重试
开始第5次重试
start output2.txt to download pkcsm absorption ..
https://biosig.lab.uq.edu.au/pkcsm/prediction/absorption_1691147254.84
curl --location https://biosig.lab.uq.edu.au/pkcsm/prediction/absorption_1691147254.84  | grep -o "pkcsm/get_results/[0-9_a-z./]*.csv"
开始第1次重试
开始第2次重试
开始第3次重试
开始第4次重试
开始第5次重试
开始第6次重试
start output2.txt to download pkcsm distribution ..
https://biosig.lab.uq.edu.au/pkcsm/prediction/distribution_1691147374.45
curl --location https://biosig.lab.uq.edu.au/pkcsm/prediction/distribution_1691147374.45  | grep -o "pkcsm/get_results/[0-9_a-z./]*.csv"
开始第1次重试
开始第2次重试
开始第3次重试
开始第4次重试
开始第5次重试
开始第6次重试
start output3.txt to download pkcsm absorption ..
https://biosig.lab.uq.edu.au/pkcsm/prediction/absorption_1691147491.03
curl --location https://biosig.lab.uq.edu.au/pkcsm/prediction/absorption_1691147491.03  | grep -o "pkcsm/get_results/[0-9_a-z./]*.csv"
开始第1次重试
开始第2次重试
开始第3次重试
开始第4次重试
开始第5次重试
开始第6次重试
start output3.txt to download pkcsm distribution ..
https://biosig.lab.uq.edu.au/pkcsm/prediction/distribution_1691147609.01
curl --location https://biosig.lab.uq.edu.au/pkcsm/prediction/distribution_1691147609.01  | grep -o "pkcsm/get_results/[0-9_a-z./]*.csv"
开始第1次重试
开始第2次重试
开始第3次重试
开始第4次重试
开始第5次重试
开始第6次重试
start output4.txt to download pkcsm absorption ..
https://biosig.lab.uq.edu.au/pkcsm/prediction/absorption_1691147724.56
curl --location https://biosig.lab.uq.edu.au/pkcsm/prediction/absorption_1691147724.56  | grep -o "pkcsm/get_results/[0-9_a-z./]*.csv"
开始第1次重试
开始第2次重试
开始第3次重试
开始第4次重试
开始第5次重试
开始第6次重试
start output4.txt to download pkcsm distribution ..
https://biosig.lab.uq.edu.au/pkcsm/prediction/distribution_1691147840.79
curl --location https://biosig.lab.uq.edu.au/pkcsm/prediction/distribution_1691147840.79  | grep -o "pkcsm/get_results/[0-9_a-z./]*.csv"
开始第1次重试
开始第2次重试
开始第3次重试
开始第4次重试
开始第5次重试
开始第6次重试
start output5.txt to download pkcsm absorption ..
https://biosig.lab.uq.edu.au/pkcsm/prediction/absorption_1691147956.32
curl --location https://biosig.lab.uq.edu.au/pkcsm/prediction/absorption_1691147956.32  | grep -o "pkcsm/get_results/[0-9_a-z./]*.csv"
开始第1次重试
开始第2次重试
开始第3次重试
开始第4次重试
开始第5次重试
开始第6次重试
开始第7次重试
start output5.txt to download pkcsm distribution ..
https://biosig.lab.uq.edu.au/pkcsm/prediction/distribution_1691148095.05
curl --location https://biosig.lab.uq.edu.au/pkcsm/prediction/distribution_1691148095.05  | grep -o "pkcsm/get_results/[0-9_a-z./]*.csv"
开始第1次重试
开始第2次重试
开始第3次重试
开始第4次重试
开始第5次重试
开始第6次重试
start output6.txt to download pkcsm absorption ..
https://biosig.lab.uq.edu.au/pkcsm/prediction/absorption_1691148211.22
curl --location https://biosig.lab.uq.edu.au/pkcsm/prediction/absorption_1691148211.22  | grep -o "pkcsm/get_results/[0-9_a-z./]*.csv"
开始第1次重试
开始第2次重试
开始第3次重试
开始第4次重试
开始第5次重试
开始第6次重试
start output6.txt to download pkcsm distribution ..
https://biosig.lab.uq.edu.au/pkcsm/prediction/distribution_1691148327.93
curl --location https://biosig.lab.uq.edu.au/pkcsm/prediction/distribution_1691148327.93  | grep -o "pkcsm/get_results/[0-9_a-z./]*.csv"
开始第1次重试
开始第2次重试
开始第3次重试
开始第4次重试
开始第5次重试
开始第6次重试
start output7.txt to download pkcsm absorption ..
https://biosig.lab.uq.edu.au/pkcsm/prediction/absorption_1691148443.61
curl --location https://biosig.lab.uq.edu.au/pkcsm/prediction/absorption_1691148443.61  | grep -o "pkcsm/get_results/[0-9_a-z./]*.csv"
开始第1次重试
开始第2次重试
开始第3次重试
开始第4次重试
开始第5次重试
开始第6次重试
start output7.txt to download pkcsm distribution ..
https://biosig.lab.uq.edu.au/pkcsm/prediction/distribution_1691148560.88
curl --location https://biosig.lab.uq.edu.au/pkcsm/prediction/distribution_1691148560.88  | grep -o "pkcsm/get_results/[0-9_a-z./]*.csv"
开始第1次重试
开始第2次重试
开始第3次重试
开始第4次重试
开始第5次重试
开始第6次重试
start output8.txt to download pkcsm absorption ..
https://biosig.lab.uq.edu.au/pkcsm/prediction/absorption_1691148678.12
curl --location https://biosig.lab.uq.edu.au/pkcsm/prediction/absorption_1691148678.12  | grep -o "pkcsm/get_results/[0-9_a-z./]*.csv"
开始第1次重试
开始第2次重试
开始第3次重试
开始第4次重试
开始第5次重试
开始第6次重试
开始第7次重试
start output8.txt to download pkcsm distribution ..
https://biosig.lab.uq.edu.au/pkcsm/prediction/distribution_1691148817.18
curl --location https://biosig.lab.uq.edu.au/pkcsm/prediction/distribution_1691148817.18  | grep -o "pkcsm/get_results/[0-9_a-z./]*.csv"
开始第1次重试
开始第2次重试
开始第3次重试
开始第4次重试
开始第5次重试
开始第6次重试
start output9.txt to download pkcsm absorption ..
https://biosig.lab.uq.edu.au/pkcsm/prediction/absorption_1691148933.57
curl --location https://biosig.lab.uq.edu.au/pkcsm/prediction/absorption_1691148933.57  | grep -o "pkcsm/get_results/[0-9_a-z./]*.csv"
开始第1次重试
开始第2次重试
开始第3次重试
开始第4次重试
开始第5次重试
开始第6次重试
开始第7次重试
start output9.txt to download pkcsm distribution ..
https://biosig.lab.uq.edu.au/pkcsm/prediction/distribution_1691149073.16
curl --location https://biosig.lab.uq.edu.au/pkcsm/prediction/distribution_1691149073.16  | grep -o "pkcsm/get_results/[0-9_a-z./]*.csv"
开始第1次重试
开始第2次重试
开始第3次重试
开始第4次重试
开始第5次重试
开始第6次重试
